part1/build/intermediates/manifest_merge_blame_file/debug/manifest-merger-blame-debug-report.txt
1<?xml version="1.0" encoding="utf-8"?>
2<manifest xmlns:android="http://schemas.android.com/apk/res/android"
3    package="com.eazywrite.app.part1" >
4
5    <uses-sdk
6        android:minSdkVersion="21"
6-->src/main/AndroidManifest.xml
7        android:targetSdkVersion="33" />
7-->src/main/AndroidManifest.xml
8
9    <application>
9-->src/main/AndroidManifest.xml:4:5-29:19
10        <activity
10-->src/main/AndroidManifest.xml:5:9-13:20
11            android:name="com.eazywrite.part1.ui.activity.AddContentActivity"
11-->src/main/AndroidManifest.xml:6:13-78
12            android:exported="true" >
12-->src/main/AndroidManifest.xml:7:13-36
13            <meta-data
13-->src/main/AndroidManifest.xml:10:13-12:36
14                android:name="android.app.lib_name"
14-->src/main/AndroidManifest.xml:11:17-52
15                android:value="" />
15-->src/main/AndroidManifest.xml:12:17-33
16        </activity>
17        <activity
17-->src/main/AndroidManifest.xml:14:9-28:20
18            android:name="com.eazywrite.part1.ui.activity.Part1Activity"
18-->src/main/AndroidManifest.xml:15:13-73
19            android:exported="true" >
19-->src/main/AndroidManifest.xml:16:13-36
20            <intent-filter>
20-->src/main/AndroidManifest.xml:20:13-24:29
21                <action android:name="android.intent.action.MAIN" />
21-->src/main/AndroidManifest.xml:21:17-69
21-->src/main/AndroidManifest.xml:21:25-66
22
23                <category android:name="android.intent.category.LAUNCHER" />
23-->src/main/AndroidManifest.xml:23:17-77
23-->src/main/AndroidManifest.xml:23:27-74
24            </intent-filter>
25
26            <meta-data
26-->src/main/AndroidManifest.xml:10:13-12:36
27                android:name="android.app.lib_name"
27-->src/main/AndroidManifest.xml:11:17-52
28                android:value="" />
28-->src/main/AndroidManifest.xml:12:17-33
29        </activity>
30    </application>
31
32</manifest>